AH00558: httpd.exe: Could not reliably determine the server's fully qualified domain name, using fe80::d430:4e52:218c:bd03. Set the 'ServerName' directive globally to suppress this message
[Mon Oct 24 19:04:18.768805 2022] [mpm_winnt:notice] [pid 9664:tid 820] AH00455: Apache/2.4.43 (Win32) mod_fcgid/2.3.9a configured -- resuming normal operations
[Mon Oct 24 19:04:18.783796 2022] [mpm_winnt:notice] [pid 9664:tid 820] AH00456: Server built: Apr 21 2020 13:46:54
[Mon Oct 24 19:04:18.783796 2022] [core:notice] [pid 9664:tid 820] AH00094: Command line: 'C:\\Users\\SIMON\\AppData\\Roaming\\Local\\lightning-services\\apache-2.4.43+7\\bin\\win32\\bin\\httpd.exe -d C:/Users/SIMON/AppData/Roaming/Local/lightning-services/apache-2.4.43+7/bin/win32 -D FOREGROUND -f C:\\Users\\SIMON\\AppData\\Roaming\\Local\\run\\vSrqCqPwM\\conf\\apache\\apache2.conf'
[Mon Oct 24 19:04:18.856755 2022] [mpm_winnt:notice] [pid 9664:tid 820] AH00418: Parent: Created child process 16688
AH00558: httpd.exe: Could not reliably determine the server's fully qualified domain name, using fe80::d430:4e52:218c:bd03. Set the 'ServerName' directive globally to suppress this message
AH00558: httpd.exe: Could not reliably determine the server's fully qualified domain name, using fe80::d430:4e52:218c:bd03. Set the 'ServerName' directive globally to suppress this message
[Mon Oct 24 19:04:43.253807 2022] [mpm_winnt:notice] [pid 16688:tid 932] AH00354: Child: Starting 64 worker threads.
AH00558: httpd.exe: Could not reliably determine the server's fully qualified domain name, using fe80::d430:4e52:218c:bd03. Set the 'ServerName' directive globally to suppress this message
[Mon Oct 24 19:07:13.598681 2022] [core:warn] [pid 30244:tid 812] AH00098: pid file C:/Users/SIMON/AppData/Roaming/Local/run/vSrqCqPwM/apache/logs/httpd.pid overwritten -- Unclean shutdown of previous Apache run?
[Mon Oct 24 19:07:13.635660 2022] [mpm_winnt:notice] [pid 30244:tid 812] AH00455: Apache/2.4.43 (Win32) mod_fcgid/2.3.9a configured -- resuming normal operations
[Mon Oct 24 19:07:13.635660 2022] [mpm_winnt:notice] [pid 30244:tid 812] AH00456: Server built: Apr 21 2020 13:46:54
[Mon Oct 24 19:07:13.635660 2022] [core:notice] [pid 30244:tid 812] AH00094: Command line: 'C:\\Users\\SIMON\\AppData\\Roaming\\Local\\lightning-services\\apache-2.4.43+7\\bin\\win32\\bin\\httpd.exe -d C:/Users/SIMON/AppData/Roaming/Local/lightning-services/apache-2.4.43+7/bin/win32 -D FOREGROUND -f C:\\Users\\SIMON\\AppData\\Roaming\\Local\\run\\vSrqCqPwM\\conf\\apache\\apache2.conf'
[Mon Oct 24 19:07:13.703620 2022] [mpm_winnt:notice] [pid 30244:tid 812] AH00418: Parent: Created child process 20532
AH00558: httpd.exe: Could not reliably determine the server's fully qualified domain name, using fe80::d430:4e52:218c:bd03. Set the 'ServerName' directive globally to suppress this message
AH00558: httpd.exe: Could not reliably determine the server's fully qualified domain name, using fe80::d430:4e52:218c:bd03. Set the 'ServerName' directive globally to suppress this message
[Mon Oct 24 19:07:28.549134 2022] [mpm_winnt:notice] [pid 20532:tid 872] AH00354: Child: Starting 64 worker threads.
AH00558: httpd.exe: Could not reliably determine the server's fully qualified domain name, using fe80::d430:4e52:218c:bd03. Set the 'ServerName' directive globally to suppress this message
[Tue Oct 25 16:35:48.206593 2022] [core:warn] [pid 20688:tid 884] AH00098: pid file C:/Users/SIMON/AppData/Roaming/Local/run/vSrqCqPwM/apache/logs/httpd.pid overwritten -- Unclean shutdown of previous Apache run?
[Tue Oct 25 16:35:48.214589 2022] [mpm_winnt:notice] [pid 20688:tid 884] AH00455: Apache/2.4.43 (Win32) mod_fcgid/2.3.9a configured -- resuming normal operations
[Tue Oct 25 16:35:48.214589 2022] [mpm_winnt:notice] [pid 20688:tid 884] AH00456: Server built: Apr 21 2020 13:46:54
[Tue Oct 25 16:35:48.214589 2022] [core:notice] [pid 20688:tid 884] AH00094: Command line: 'C:\\Users\\SIMON\\AppData\\Roaming\\Local\\lightning-services\\apache-2.4.43+7\\bin\\win32\\bin\\httpd.exe -d C:/Users/SIMON/AppData/Roaming/Local/lightning-services/apache-2.4.43+7/bin/win32 -D FOREGROUND -f C:\\Users\\SIMON\\AppData\\Roaming\\Local\\run\\vSrqCqPwM\\conf\\apache\\apache2.conf'
[Tue Oct 25 16:35:48.228581 2022] [mpm_winnt:notice] [pid 20688:tid 884] AH00418: Parent: Created child process 18168
AH00558: httpd.exe: Could not reliably determine the server's fully qualified domain name, using fe80::d430:4e52:218c:bd03. Set the 'ServerName' directive globally to suppress this message
AH00558: httpd.exe: Could not reliably determine the server's fully qualified domain name, using fe80::d430:4e52:218c:bd03. Set the 'ServerName' directive globally to suppress this message
[Tue Oct 25 16:35:54.679412 2022] [mpm_winnt:notice] [pid 18168:tid 864] AH00354: Child: Starting 64 worker threads.
AH00558: httpd.exe: Could not reliably determine the server's fully qualified domain name, using fe80::d430:4e52:218c:bd03. Set the 'ServerName' directive globally to suppress this message
[Wed Oct 26 13:49:28.647245 2022] [core:warn] [pid 7776:tid 880] AH00098: pid file C:/Users/SIMON/AppData/Roaming/Local/run/vSrqCqPwM/apache/logs/httpd.pid overwritten -- Unclean shutdown of previous Apache run?
[Wed Oct 26 13:49:28.657241 2022] [mpm_winnt:notice] [pid 7776:tid 880] AH00455: Apache/2.4.43 (Win32) mod_fcgid/2.3.9a configured -- resuming normal operations
[Wed Oct 26 13:49:28.657241 2022] [mpm_winnt:notice] [pid 7776:tid 880] AH00456: Server built: Apr 21 2020 13:46:54
[Wed Oct 26 13:49:28.657241 2022] [core:notice] [pid 7776:tid 880] AH00094: Command line: 'C:\\Users\\SIMON\\AppData\\Roaming\\Local\\lightning-services\\apache-2.4.43+7\\bin\\win32\\bin\\httpd.exe -d C:/Users/SIMON/AppData/Roaming/Local/lightning-services/apache-2.4.43+7/bin/win32 -D FOREGROUND -f C:\\Users\\SIMON\\AppData\\Roaming\\Local\\run\\vSrqCqPwM\\conf\\apache\\apache2.conf'
[Wed Oct 26 13:49:28.672232 2022] [mpm_winnt:notice] [pid 7776:tid 880] AH00418: Parent: Created child process 11688
AH00558: httpd.exe: Could not reliably determine the server's fully qualified domain name, using fe80::d430:4e52:218c:bd03. Set the 'ServerName' directive globally to suppress this message
AH00558: httpd.exe: Could not reliably determine the server's fully qualified domain name, using fe80::d430:4e52:218c:bd03. Set the 'ServerName' directive globally to suppress this message
[Wed Oct 26 13:49:36.039018 2022] [mpm_winnt:notice] [pid 11688:tid 868] AH00354: Child: Starting 64 worker threads.
[Wed Oct 26 14:07:44.337359 2022] [mpm_winnt:crit] [pid 11688:tid 868] AH02538: Child: Parent process exited abruptly. Child process is ending
[Wed Oct 26 14:07:44.337359 2022] [mpm_winnt:warn] [pid 11688:tid 1544] (OS 995)스레드 종료 또는 응용 프로그램 요청 때문에 I/O 작업이 취소되었습니다.  : AH00341: winnt_accept: Asynchronous AcceptEx failed.
[Wed Oct 26 14:07:44.337359 2022] [mpm_winnt:warn] [pid 11688:tid 864] (OS 995)스레드 종료 또는 응용 프로그램 요청 때문에 I/O 작업이 취소되었습니다.  : AH00341: winnt_accept: Asynchronous AcceptEx failed.
[Wed Oct 26 14:07:46.366198 2022] [mpm_winnt:notice] [pid 11688:tid 868] AH00364: Child: All worker threads have exited.
[Wed Oct 26 14:07:54.834994 2022] [fcgid:error] [pid 11688] FastCGI process 9080 still did not exit, terminating forcefully
[Wed Oct 26 14:07:54.836994 2022] [fcgid:error] [pid 11688] FastCGI process 26928 still did not exit, terminating forcefully
[Wed Oct 26 14:07:54.839991 2022] [fcgid:error] [pid 11688] FastCGI process 22312 still did not exit, terminating forcefully
AH00558: httpd.exe: Could not reliably determine the server's fully qualified domain name, using fe80::d430:4e52:218c:bd03. Set the 'ServerName' directive globally to suppress this message
[Wed Oct 26 14:08:33.427789 2022] [core:warn] [pid 33008:tid 864] AH00098: pid file C:/Users/SIMON/AppData/Roaming/Local/run/vSrqCqPwM/apache/logs/httpd.pid overwritten -- Unclean shutdown of previous Apache run?
[Wed Oct 26 14:08:33.448776 2022] [mpm_winnt:notice] [pid 33008:tid 864] AH00455: Apache/2.4.43 (Win32) mod_fcgid/2.3.9a configured -- resuming normal operations
[Wed Oct 26 14:08:33.449776 2022] [mpm_winnt:notice] [pid 33008:tid 864] AH00456: Server built: Apr 21 2020 13:46:54
[Wed Oct 26 14:08:33.450775 2022] [core:notice] [pid 33008:tid 864] AH00094: Command line: 'C:\\Users\\SIMON\\AppData\\Roaming\\Local\\lightning-services\\apache-2.4.43+7\\bin\\win32\\bin\\httpd.exe -d C:/Users/SIMON/AppData/Roaming/Local/lightning-services/apache-2.4.43+7/bin/win32 -D FOREGROUND -f C:\\Users\\SIMON\\AppData\\Roaming\\Local\\run\\vSrqCqPwM\\conf\\apache\\apache2.conf'
[Wed Oct 26 14:08:33.498750 2022] [mpm_winnt:notice] [pid 33008:tid 864] AH00418: Parent: Created child process 16908
AH00558: httpd.exe: Could not reliably determine the server's fully qualified domain name, using fe80::d430:4e52:218c:bd03. Set the 'ServerName' directive globally to suppress this message
AH00558: httpd.exe: Could not reliably determine the server's fully qualified domain name, using fe80::d430:4e52:218c:bd03. Set the 'ServerName' directive globally to suppress this message
[Wed Oct 26 14:08:47.240349 2022] [mpm_winnt:notice] [pid 16908:tid 900] AH00354: Child: Starting 64 worker threads.
AH00558: httpd.exe: Could not reliably determine the server's fully qualified domain name, using fe80::d430:4e52:218c:bd03. Set the 'ServerName' directive globally to suppress this message
[Thu Oct 27 10:43:39.823604 2022] [core:warn] [pid 21616:tid 760] AH00098: pid file C:/Users/SIMON/AppData/Roaming/Local/run/vSrqCqPwM/apache/logs/httpd.pid overwritten -- Unclean shutdown of previous Apache run?
[Thu Oct 27 10:43:39.832599 2022] [mpm_winnt:notice] [pid 21616:tid 760] AH00455: Apache/2.4.43 (Win32) mod_fcgid/2.3.9a configured -- resuming normal operations
[Thu Oct 27 10:43:39.832599 2022] [mpm_winnt:notice] [pid 21616:tid 760] AH00456: Server built: Apr 21 2020 13:46:54
[Thu Oct 27 10:43:39.832599 2022] [core:notice] [pid 21616:tid 760] AH00094: Command line: 'C:\\Users\\SIMON\\AppData\\Roaming\\Local\\lightning-services\\apache-2.4.43+7\\bin\\win32\\bin\\httpd.exe -d C:/Users/SIMON/AppData/Roaming/Local/lightning-services/apache-2.4.43+7/bin/win32 -D FOREGROUND -f C:\\Users\\SIMON\\AppData\\Roaming\\Local\\run\\vSrqCqPwM\\conf\\apache\\apache2.conf'
[Thu Oct 27 10:43:39.846592 2022] [mpm_winnt:notice] [pid 21616:tid 760] AH00418: Parent: Created child process 8776
AH00558: httpd.exe: Could not reliably determine the server's fully qualified domain name, using fe80::d430:4e52:218c:bd03. Set the 'ServerName' directive globally to suppress this message
AH00558: httpd.exe: Could not reliably determine the server's fully qualified domain name, using fe80::d430:4e52:218c:bd03. Set the 'ServerName' directive globally to suppress this message
[Thu Oct 27 10:43:46.363013 2022] [mpm_winnt:notice] [pid 8776:tid 884] AH00354: Child: Starting 64 worker threads.
AH00558: httpd.exe: Could not reliably determine the server's fully qualified domain name, using fe80::d430:4e52:218c:bd03. Set the 'ServerName' directive globally to suppress this message
[Thu Oct 27 17:15:19.402891 2022] [core:warn] [pid 32152:tid 648] AH00098: pid file C:/Users/SIMON/AppData/Roaming/Local/run/vSrqCqPwM/apache/logs/httpd.pid overwritten -- Unclean shutdown of previous Apache run?
[Thu Oct 27 17:15:19.435873 2022] [mpm_winnt:notice] [pid 32152:tid 648] AH00455: Apache/2.4.43 (Win32) mod_fcgid/2.3.9a configured -- resuming normal operations
[Thu Oct 27 17:15:19.436872 2022] [mpm_winnt:notice] [pid 32152:tid 648] AH00456: Server built: Apr 21 2020 13:46:54
[Thu Oct 27 17:15:19.436872 2022] [core:notice] [pid 32152:tid 648] AH00094: Command line: 'C:\\Users\\SIMON\\AppData\\Roaming\\Local\\lightning-services\\apache-2.4.43+7\\bin\\win32\\bin\\httpd.exe -d C:/Users/SIMON/AppData/Roaming/Local/lightning-services/apache-2.4.43+7/bin/win32 -D FOREGROUND -f C:\\Users\\SIMON\\AppData\\Roaming\\Local\\run\\vSrqCqPwM\\conf\\apache\\apache2.conf'
[Thu Oct 27 17:15:19.543811 2022] [mpm_winnt:notice] [pid 32152:tid 648] AH00418: Parent: Created child process 19188
AH00558: httpd.exe: Could not reliably determine the server's fully qualified domain name, using fe80::d430:4e52:218c:bd03. Set the 'ServerName' directive globally to suppress this message
AH00558: httpd.exe: Could not reliably determine the server's fully qualified domain name, using fe80::d430:4e52:218c:bd03. Set the 'ServerName' directive globally to suppress this message
[Thu Oct 27 17:15:47.153076 2022] [mpm_winnt:notice] [pid 19188:tid 952] AH00354: Child: Starting 64 worker threads.
AH00558: httpd.exe: Could not reliably determine the server's fully qualified domain name, using fe80::d430:4e52:218c:bd03. Set the 'ServerName' directive globally to suppress this message
[Thu Oct 27 17:36:03.720222 2022] [core:warn] [pid 14936:tid 888] AH00098: pid file C:/Users/SIMON/AppData/Roaming/Local/run/vSrqCqPwM/apache/logs/httpd.pid overwritten -- Unclean shutdown of previous Apache run?
[Thu Oct 27 17:36:03.743209 2022] [mpm_winnt:notice] [pid 14936:tid 888] AH00455: Apache/2.4.43 (Win32) mod_fcgid/2.3.9a configured -- resuming normal operations
[Thu Oct 27 17:36:03.744209 2022] [mpm_winnt:notice] [pid 14936:tid 888] AH00456: Server built: Apr 21 2020 13:46:54
[Thu Oct 27 17:36:03.744209 2022] [core:notice] [pid 14936:tid 888] AH00094: Command line: 'C:\\Users\\SIMON\\AppData\\Roaming\\Local\\lightning-services\\apache-2.4.43+7\\bin\\win32\\bin\\httpd.exe -d C:/Users/SIMON/AppData/Roaming/Local/lightning-services/apache-2.4.43+7/bin/win32 -D FOREGROUND -f C:\\Users\\SIMON\\AppData\\Roaming\\Local\\run\\vSrqCqPwM\\conf\\apache\\apache2.conf'
[Thu Oct 27 17:36:03.784189 2022] [mpm_winnt:notice] [pid 14936:tid 888] AH00418: Parent: Created child process 33472
AH00558: httpd.exe: Could not reliably determine the server's fully qualified domain name, using fe80::d430:4e52:218c:bd03. Set the 'ServerName' directive globally to suppress this message
AH00558: httpd.exe: Could not reliably determine the server's fully qualified domain name, using fe80::d430:4e52:218c:bd03. Set the 'ServerName' directive globally to suppress this message
[Thu Oct 27 17:36:16.590030 2022] [mpm_winnt:notice] [pid 33472:tid 852] AH00354: Child: Starting 64 worker threads.
AH00558: httpd.exe: Could not reliably determine the server's fully qualified domain name, using fe80::d430:4e52:218c:bd03. Set the 'ServerName' directive globally to suppress this message
[Thu Oct 27 17:48:29.132778 2022] [core:warn] [pid 25148:tid 892] AH00098: pid file C:/Users/SIMON/AppData/Roaming/Local/run/vSrqCqPwM/apache/logs/httpd.pid overwritten -- Unclean shutdown of previous Apache run?
[Thu Oct 27 17:48:29.158763 2022] [mpm_winnt:notice] [pid 25148:tid 892] AH00455: Apache/2.4.43 (Win32) mod_fcgid/2.3.9a configured -- resuming normal operations
[Thu Oct 27 17:48:29.159764 2022] [mpm_winnt:notice] [pid 25148:tid 892] AH00456: Server built: Apr 21 2020 13:46:54
[Thu Oct 27 17:48:29.159764 2022] [core:notice] [pid 25148:tid 892] AH00094: Command line: 'C:\\Users\\SIMON\\AppData\\Roaming\\Local\\lightning-services\\apache-2.4.43+7\\bin\\win32\\bin\\httpd.exe -d C:/Users/SIMON/AppData/Roaming/Local/lightning-services/apache-2.4.43+7/bin/win32 -D FOREGROUND -f C:\\Users\\SIMON\\AppData\\Roaming\\Local\\run\\vSrqCqPwM\\conf\\apache\\apache2.conf'
[Thu Oct 27 17:48:29.196741 2022] [mpm_winnt:notice] [pid 25148:tid 892] AH00418: Parent: Created child process 11532
AH00558: httpd.exe: Could not reliably determine the server's fully qualified domain name, using fe80::d430:4e52:218c:bd03. Set the 'ServerName' directive globally to suppress this message
AH00558: httpd.exe: Could not reliably determine the server's fully qualified domain name, using fe80::d430:4e52:218c:bd03. Set the 'ServerName' directive globally to suppress this message
[Thu Oct 27 17:48:42.193845 2022] [mpm_winnt:notice] [pid 11532:tid 4] AH00354: Child: Starting 64 worker threads.
AH00558: httpd.exe: Could not reliably determine the server's fully qualified domain name, using fe80::d430:4e52:218c:bd03. Set the 'ServerName' directive globally to suppress this message
[Mon Oct 31 14:15:23.419280 2022] [core:warn] [pid 19948:tid 680] AH00098: pid file C:/Users/SIMON/AppData/Roaming/Local/run/vSrqCqPwM/apache/logs/httpd.pid overwritten -- Unclean shutdown of previous Apache run?
[Mon Oct 31 14:15:23.430274 2022] [mpm_winnt:notice] [pid 19948:tid 680] AH00455: Apache/2.4.43 (Win32) mod_fcgid/2.3.9a configured -- resuming normal operations
[Mon Oct 31 14:15:23.430274 2022] [mpm_winnt:notice] [pid 19948:tid 680] AH00456: Server built: Apr 21 2020 13:46:54
[Mon Oct 31 14:15:23.430274 2022] [core:notice] [pid 19948:tid 680] AH00094: Command line: 'C:\\Users\\SIMON\\AppData\\Roaming\\Local\\lightning-services\\apache-2.4.43+7\\bin\\win32\\bin\\httpd.exe -d C:/Users/SIMON/AppData/Roaming/Local/lightning-services/apache-2.4.43+7/bin/win32 -D FOREGROUND -f C:\\Users\\SIMON\\AppData\\Roaming\\Local\\run\\vSrqCqPwM\\conf\\apache\\apache2.conf'
[Mon Oct 31 14:15:23.452261 2022] [mpm_winnt:notice] [pid 19948:tid 680] AH00418: Parent: Created child process 34384
AH00558: httpd.exe: Could not reliably determine the server's fully qualified domain name, using fe80::d430:4e52:218c:bd03. Set the 'ServerName' directive globally to suppress this message
AH00558: httpd.exe: Could not reliably determine the server's fully qualified domain name, using fe80::d430:4e52:218c:bd03. Set the 'ServerName' directive globally to suppress this message
[Mon Oct 31 14:15:31.531597 2022] [mpm_winnt:notice] [pid 34384:tid 4] AH00354: Child: Starting 64 worker threads.
AH00558: httpd.exe: Could not reliably determine the server's fully qualified domain name, using fe80::d430:4e52:218c:bd03. Set the 'ServerName' directive globally to suppress this message
[Tue Nov 01 11:39:09.277565 2022] [core:warn] [pid 30548:tid 852] AH00098: pid file C:/Users/SIMON/AppData/Roaming/Local/run/vSrqCqPwM/apache/logs/httpd.pid overwritten -- Unclean shutdown of previous Apache run?
[Tue Nov 01 11:39:09.287559 2022] [mpm_winnt:notice] [pid 30548:tid 852] AH00455: Apache/2.4.43 (Win32) mod_fcgid/2.3.9a configured -- resuming normal operations
[Tue Nov 01 11:39:09.287559 2022] [mpm_winnt:notice] [pid 30548:tid 852] AH00456: Server built: Apr 21 2020 13:46:54
[Tue Nov 01 11:39:09.288558 2022] [core:notice] [pid 30548:tid 852] AH00094: Command line: 'C:\\Users\\SIMON\\AppData\\Roaming\\Local\\lightning-services\\apache-2.4.43+7\\bin\\win32\\bin\\httpd.exe -d C:/Users/SIMON/AppData/Roaming/Local/lightning-services/apache-2.4.43+7/bin/win32 -D FOREGROUND -f C:\\Users\\SIMON\\AppData\\Roaming\\Local\\run\\vSrqCqPwM\\conf\\apache\\apache2.conf'
[Tue Nov 01 11:39:09.303551 2022] [mpm_winnt:notice] [pid 30548:tid 852] AH00418: Parent: Created child process 13020
AH00558: httpd.exe: Could not reliably determine the server's fully qualified domain name, using fe80::d430:4e52:218c:bd03. Set the 'ServerName' directive globally to suppress this message
AH00558: httpd.exe: Could not reliably determine the server's fully qualified domain name, using fe80::d430:4e52:218c:bd03. Set the 'ServerName' directive globally to suppress this message
[Tue Nov 01 11:39:15.891981 2022] [mpm_winnt:notice] [pid 13020:tid 856] AH00354: Child: Starting 64 worker threads.
AH00558: httpd.exe: Could not reliably determine the server's fully qualified domain name, using fe80::d430:4e52:218c:bd03. Set the 'ServerName' directive globally to suppress this message
[Thu Nov 03 18:01:39.757452 2022] [core:warn] [pid 2160:tid 1000] AH00098: pid file C:/Users/SIMON/AppData/Roaming/Local/run/vSrqCqPwM/apache/logs/httpd.pid overwritten -- Unclean shutdown of previous Apache run?
[Thu Nov 03 18:01:39.774442 2022] [mpm_winnt:notice] [pid 2160:tid 1000] AH00455: Apache/2.4.43 (Win32) mod_fcgid/2.3.9a configured -- resuming normal operations
[Thu Nov 03 18:01:39.774442 2022] [mpm_winnt:notice] [pid 2160:tid 1000] AH00456: Server built: Apr 21 2020 13:46:54
[Thu Nov 03 18:01:39.774442 2022] [core:notice] [pid 2160:tid 1000] AH00094: Command line: 'C:\\Users\\SIMON\\AppData\\Roaming\\Local\\lightning-services\\apache-2.4.43+7\\bin\\win32\\bin\\httpd.exe -d C:/Users/SIMON/AppData/Roaming/Local/lightning-services/apache-2.4.43+7/bin/win32 -D FOREGROUND -f C:\\Users\\SIMON\\AppData\\Roaming\\Local\\run\\vSrqCqPwM\\conf\\apache\\apache2.conf'
[Thu Nov 03 18:01:39.799049 2022] [mpm_winnt:notice] [pid 2160:tid 1000] AH00418: Parent: Created child process 7196
AH00558: httpd.exe: Could not reliably determine the server's fully qualified domain name, using fe80::d430:4e52:218c:bd03. Set the 'ServerName' directive globally to suppress this message
AH00558: httpd.exe: Could not reliably determine the server's fully qualified domain name, using fe80::d430:4e52:218c:bd03. Set the 'ServerName' directive globally to suppress this message
[Thu Nov 03 18:01:47.547514 2022] [mpm_winnt:notice] [pid 7196:tid 1020] AH00354: Child: Starting 64 worker threads.
AH00558: httpd.exe: Could not reliably determine the server's fully qualified domain name, using fe80::d430:4e52:218c:bd03. Set the 'ServerName' directive globally to suppress this message
[Mon Nov 07 11:59:57.909809 2022] [core:warn] [pid 32576:tid 868] AH00098: pid file C:/Users/SIMON/AppData/Roaming/Local/run/vSrqCqPwM/apache/logs/httpd.pid overwritten -- Unclean shutdown of previous Apache run?
[Mon Nov 07 11:59:57.919804 2022] [mpm_winnt:notice] [pid 32576:tid 868] AH00455: Apache/2.4.43 (Win32) mod_fcgid/2.3.9a configured -- resuming normal operations
[Mon Nov 07 11:59:57.919804 2022] [mpm_winnt:notice] [pid 32576:tid 868] AH00456: Server built: Apr 21 2020 13:46:54
[Mon Nov 07 11:59:57.919804 2022] [core:notice] [pid 32576:tid 868] AH00094: Command line: 'C:\\Users\\SIMON\\AppData\\Roaming\\Local\\lightning-services\\apache-2.4.43+7\\bin\\win32\\bin\\httpd.exe -d C:/Users/SIMON/AppData/Roaming/Local/lightning-services/apache-2.4.43+7/bin/win32 -D FOREGROUND -f C:\\Users\\SIMON\\AppData\\Roaming\\Local\\run\\vSrqCqPwM\\conf\\apache\\apache2.conf'
[Mon Nov 07 11:59:57.938792 2022] [mpm_winnt:notice] [pid 32576:tid 868] AH00418: Parent: Created child process 3840
AH00558: httpd.exe: Could not reliably determine the server's fully qualified domain name, using fe80::d430:4e52:218c:bd03. Set the 'ServerName' directive globally to suppress this message
AH00558: httpd.exe: Could not reliably determine the server's fully qualified domain name, using fe80::d430:4e52:218c:bd03. Set the 'ServerName' directive globally to suppress this message
[Mon Nov 07 12:00:04.551530 2022] [mpm_winnt:notice] [pid 3840:tid 856] AH00354: Child: Starting 64 worker threads.
AH00558: httpd.exe: Could not reliably determine the server's fully qualified domain name, using fe80::fb91:7468:8173:54ab. Set the 'ServerName' directive globally to suppress this message
[Sun Nov 13 15:38:28.865502 2022] [core:warn] [pid 23212:tid 836] AH00098: pid file C:/Users/SIMON/AppData/Roaming/Local/run/vSrqCqPwM/apache/logs/httpd.pid overwritten -- Unclean shutdown of previous Apache run?
[Sun Nov 13 15:38:28.877494 2022] [mpm_winnt:notice] [pid 23212:tid 836] AH00455: Apache/2.4.43 (Win32) mod_fcgid/2.3.9a configured -- resuming normal operations
[Sun Nov 13 15:38:28.877494 2022] [mpm_winnt:notice] [pid 23212:tid 836] AH00456: Server built: Apr 21 2020 13:46:54
[Sun Nov 13 15:38:28.877494 2022] [core:notice] [pid 23212:tid 836] AH00094: Command line: 'C:\\Users\\SIMON\\AppData\\Roaming\\Local\\lightning-services\\apache-2.4.43+7\\bin\\win32\\bin\\httpd.exe -d C:/Users/SIMON/AppData/Roaming/Local/lightning-services/apache-2.4.43+7/bin/win32 -D FOREGROUND -f C:\\Users\\SIMON\\AppData\\Roaming\\Local\\run\\vSrqCqPwM\\conf\\apache\\apache2.conf'
[Sun Nov 13 15:38:28.898482 2022] [mpm_winnt:notice] [pid 23212:tid 836] AH00418: Parent: Created child process 3112
AH00558: httpd.exe: Could not reliably determine the server's fully qualified domain name, using fe80::fb91:7468:8173:54ab. Set the 'ServerName' directive globally to suppress this message
AH00558: httpd.exe: Could not reliably determine the server's fully qualified domain name, using fe80::fb91:7468:8173:54ab. Set the 'ServerName' directive globally to suppress this message
[Sun Nov 13 15:38:35.646923 2022] [mpm_winnt:notice] [pid 3112:tid 864] AH00354: Child: Starting 64 worker threads.
[Sun Nov 13 16:41:39.998894 2022] [mpm_winnt:crit] [pid 3112:tid 864] AH02538: Child: Parent process exited abruptly. Child process is ending
[Sun Nov 13 16:41:39.999893 2022] [mpm_winnt:warn] [pid 3112:tid 1792] (OS 995)스레드 종료 또는 응용 프로그램 요청 때문에 I/O 작업이 취소되었습니다.  : AH00341: winnt_accept: Asynchronous AcceptEx failed.
[Sun Nov 13 16:41:39.999893 2022] [mpm_winnt:warn] [pid 3112:tid 1800] (OS 995)스레드 종료 또는 응용 프로그램 요청 때문에 I/O 작업이 취소되었습니다.  : AH00341: winnt_accept: Asynchronous AcceptEx failed.
[Sun Nov 13 16:41:42.016941 2022] [mpm_winnt:notice] [pid 3112:tid 864] AH00364: Child: All worker threads have exited.
[Sun Nov 13 16:41:50.461469 2022] [fcgid:error] [pid 3112] FastCGI process 5056 still did not exit, terminating forcefully
[Sun Nov 13 16:41:50.461469 2022] [fcgid:error] [pid 3112] FastCGI process 20780 still did not exit, terminating forcefully
AH00558: httpd.exe: Could not reliably determine the server's fully qualified domain name, using fe80::fb91:7468:8173:54ab. Set the 'ServerName' directive globally to suppress this message
[Sun Nov 13 16:42:39.715103 2022] [core:warn] [pid 18160:tid 684] AH00098: pid file C:/Users/SIMON/AppData/Roaming/Local/run/vSrqCqPwM/apache/logs/httpd.pid overwritten -- Unclean shutdown of previous Apache run?
[Sun Nov 13 16:42:39.724099 2022] [mpm_winnt:notice] [pid 18160:tid 684] AH00455: Apache/2.4.43 (Win32) mod_fcgid/2.3.9a configured -- resuming normal operations
[Sun Nov 13 16:42:39.724099 2022] [mpm_winnt:notice] [pid 18160:tid 684] AH00456: Server built: Apr 21 2020 13:46:54
[Sun Nov 13 16:42:39.725098 2022] [core:notice] [pid 18160:tid 684] AH00094: Command line: 'C:\\Users\\SIMON\\AppData\\Roaming\\Local\\lightning-services\\apache-2.4.43+7\\bin\\win32\\bin\\httpd.exe -d C:/Users/SIMON/AppData/Roaming/Local/lightning-services/apache-2.4.43+7/bin/win32 -D FOREGROUND -f C:\\Users\\SIMON\\AppData\\Roaming\\Local\\run\\vSrqCqPwM\\conf\\apache\\apache2.conf'
[Sun Nov 13 16:42:39.740089 2022] [mpm_winnt:notice] [pid 18160:tid 684] AH00418: Parent: Created child process 35380
AH00558: httpd.exe: Could not reliably determine the server's fully qualified domain name, using fe80::fb91:7468:8173:54ab. Set the 'ServerName' directive globally to suppress this message
AH00558: httpd.exe: Could not reliably determine the server's fully qualified domain name, using fe80::fb91:7468:8173:54ab. Set the 'ServerName' directive globally to suppress this message
[Sun Nov 13 16:42:45.746170 2022] [mpm_winnt:notice] [pid 35380:tid 844] AH00354: Child: Starting 64 worker threads.
AH00558: httpd.exe: Could not reliably determine the server's fully qualified domain name, using fe80::fb91:7468:8173:54ab. Set the 'ServerName' directive globally to suppress this message
[Mon Nov 14 14:28:14.917757 2022] [core:warn] [pid 39036:tid 588] AH00098: pid file C:/Users/SIMON/AppData/Roaming/Local/run/vSrqCqPwM/apache/logs/httpd.pid overwritten -- Unclean shutdown of previous Apache run?
[Mon Nov 14 14:28:14.945740 2022] [mpm_winnt:notice] [pid 39036:tid 588] AH00455: Apache/2.4.43 (Win32) mod_fcgid/2.3.9a configured -- resuming normal operations
[Mon Nov 14 14:28:14.946739 2022] [mpm_winnt:notice] [pid 39036:tid 588] AH00456: Server built: Apr 21 2020 13:46:54
[Mon Nov 14 14:28:14.946739 2022] [core:notice] [pid 39036:tid 588] AH00094: Command line: 'C:\\Users\\SIMON\\AppData\\Roaming\\Local\\lightning-services\\apache-2.4.43+7\\bin\\win32\\bin\\httpd.exe -d C:/Users/SIMON/AppData/Roaming/Local/lightning-services/apache-2.4.43+7/bin/win32 -D FOREGROUND -f C:\\Users\\SIMON\\AppData\\Roaming\\Local\\run\\vSrqCqPwM\\conf\\apache\\apache2.conf'
[Mon Nov 14 14:28:15.002708 2022] [mpm_winnt:notice] [pid 39036:tid 588] AH00418: Parent: Created child process 21404
AH00558: httpd.exe: Could not reliably determine the server's fully qualified domain name, using fe80::fb91:7468:8173:54ab. Set the 'ServerName' directive globally to suppress this message
AH00558: httpd.exe: Could not reliably determine the server's fully qualified domain name, using fe80::fb91:7468:8173:54ab. Set the 'ServerName' directive globally to suppress this message
[Mon Nov 14 14:28:28.492995 2022] [mpm_winnt:notice] [pid 21404:tid 976] AH00354: Child: Starting 64 worker threads.
AH00558: httpd.exe: Could not reliably determine the server's fully qualified domain name, using fe80::fb91:7468:8173:54ab. Set the 'ServerName' directive globally to suppress this message
[Tue Nov 15 19:16:42.247126 2022] [core:warn] [pid 31380:tid 860] AH00098: pid file C:/Users/SIMON/AppData/Roaming/Local/run/vSrqCqPwM/apache/logs/httpd.pid overwritten -- Unclean shutdown of previous Apache run?
[Tue Nov 15 19:16:42.262229 2022] [mpm_winnt:notice] [pid 31380:tid 860] AH00455: Apache/2.4.43 (Win32) mod_fcgid/2.3.9a configured -- resuming normal operations
[Tue Nov 15 19:16:42.262229 2022] [mpm_winnt:notice] [pid 31380:tid 860] AH00456: Server built: Apr 21 2020 13:46:54
[Tue Nov 15 19:16:42.262229 2022] [core:notice] [pid 31380:tid 860] AH00094: Command line: 'C:\\Users\\SIMON\\AppData\\Roaming\\Local\\lightning-services\\apache-2.4.43+7\\bin\\win32\\bin\\httpd.exe -d C:/Users/SIMON/AppData/Roaming/Local/lightning-services/apache-2.4.43+7/bin/win32 -D FOREGROUND -f C:\\Users\\SIMON\\AppData\\Roaming\\Local\\run\\vSrqCqPwM\\conf\\apache\\apache2.conf'
[Tue Nov 15 19:16:42.306205 2022] [mpm_winnt:notice] [pid 31380:tid 860] AH00418: Parent: Created child process 32860
AH00558: httpd.exe: Could not reliably determine the server's fully qualified domain name, using fe80::fb91:7468:8173:54ab. Set the 'ServerName' directive globally to suppress this message
AH00558: httpd.exe: Could not reliably determine the server's fully qualified domain name, using fe80::fb91:7468:8173:54ab. Set the 'ServerName' directive globally to suppress this message
[Tue Nov 15 19:16:51.584725 2022] [mpm_winnt:notice] [pid 32860:tid 900] AH00354: Child: Starting 64 worker threads.
AH00558: httpd.exe: Could not reliably determine the server's fully qualified domain name, using fe80::fb91:7468:8173:54ab. Set the 'ServerName' directive globally to suppress this message
[Wed Nov 30 21:37:14.919299 2022] [core:warn] [pid 36000:tid 524] AH00098: pid file C:/Users/SIMON/AppData/Roaming/Local/run/vSrqCqPwM/apache/logs/httpd.pid overwritten -- Unclean shutdown of previous Apache run?
[Wed Nov 30 21:37:14.932292 2022] [mpm_winnt:notice] [pid 36000:tid 524] AH00455: Apache/2.4.43 (Win32) mod_fcgid/2.3.9a configured -- resuming normal operations
[Wed Nov 30 21:37:14.932292 2022] [mpm_winnt:notice] [pid 36000:tid 524] AH00456: Server built: Apr 21 2020 13:46:54
[Wed Nov 30 21:37:14.932292 2022] [core:notice] [pid 36000:tid 524] AH00094: Command line: 'C:\\Users\\SIMON\\AppData\\Roaming\\Local\\lightning-services\\apache-2.4.43+7\\bin\\win32\\bin\\httpd.exe -d C:/Users/SIMON/AppData/Roaming/Local/lightning-services/apache-2.4.43+7/bin/win32 -D FOREGROUND -f C:\\Users\\SIMON\\AppData\\Roaming\\Local\\run\\vSrqCqPwM\\conf\\apache\\apache2.conf'
[Wed Nov 30 21:37:14.956033 2022] [mpm_winnt:notice] [pid 36000:tid 524] AH00418: Parent: Created child process 35576
AH00558: httpd.exe: Could not reliably determine the server's fully qualified domain name, using fe80::fb91:7468:8173:54ab. Set the 'ServerName' directive globally to suppress this message
AH00558: httpd.exe: Could not reliably determine the server's fully qualified domain name, using fe80::fb91:7468:8173:54ab. Set the 'ServerName' directive globally to suppress this message
[Wed Nov 30 21:37:22.748138 2022] [mpm_winnt:notice] [pid 35576:tid 896] AH00354: Child: Starting 64 worker threads.
AH00558: httpd.exe: Could not reliably determine the server's fully qualified domain name, using fe80::fb91:7468:8173:54ab. Set the 'ServerName' directive globally to suppress this message
[Sat Dec 03 16:30:46.772144 2022] [core:warn] [pid 21816:tid 860] AH00098: pid file C:/Users/SIMON/AppData/Roaming/Local/run/vSrqCqPwM/apache/logs/httpd.pid overwritten -- Unclean shutdown of previous Apache run?
[Sat Dec 03 16:30:46.786135 2022] [mpm_winnt:notice] [pid 21816:tid 860] AH00455: Apache/2.4.43 (Win32) mod_fcgid/2.3.9a configured -- resuming normal operations
[Sat Dec 03 16:30:46.787134 2022] [mpm_winnt:notice] [pid 21816:tid 860] AH00456: Server built: Apr 21 2020 13:46:54
[Sat Dec 03 16:30:46.787134 2022] [core:notice] [pid 21816:tid 860] AH00094: Command line: 'C:\\Users\\SIMON\\AppData\\Roaming\\Local\\lightning-services\\apache-2.4.43+7\\bin\\win32\\bin\\httpd.exe -d C:/Users/SIMON/AppData/Roaming/Local/lightning-services/apache-2.4.43+7/bin/win32 -D FOREGROUND -f C:\\Users\\SIMON\\AppData\\Roaming\\Local\\run\\vSrqCqPwM\\conf\\apache\\apache2.conf'
[Sat Dec 03 16:30:46.825621 2022] [mpm_winnt:notice] [pid 21816:tid 860] AH00418: Parent: Created child process 33596
AH00558: httpd.exe: Could not reliably determine the server's fully qualified domain name, using fe80::fb91:7468:8173:54ab. Set the 'ServerName' directive globally to suppress this message
AH00558: httpd.exe: Could not reliably determine the server's fully qualified domain name, using fe80::fb91:7468:8173:54ab. Set the 'ServerName' directive globally to suppress this message
[Sat Dec 03 16:30:56.469723 2022] [mpm_winnt:notice] [pid 33596:tid 920] AH00354: Child: Starting 64 worker threads.
AH00558: httpd.exe: Could not reliably determine the server's fully qualified domain name, using fe80::fb91:7468:8173:54ab. Set the 'ServerName' directive globally to suppress this message
[Mon Dec 05 15:05:58.226548 2022] [core:warn] [pid 18700:tid 820] AH00098: pid file C:/Users/SIMON/AppData/Roaming/Local/run/vSrqCqPwM/apache/logs/httpd.pid overwritten -- Unclean shutdown of previous Apache run?
[Mon Dec 05 15:05:58.240718 2022] [mpm_winnt:notice] [pid 18700:tid 820] AH00455: Apache/2.4.43 (Win32) mod_fcgid/2.3.9a configured -- resuming normal operations
[Mon Dec 05 15:05:58.240718 2022] [mpm_winnt:notice] [pid 18700:tid 820] AH00456: Server built: Apr 21 2020 13:46:54
[Mon Dec 05 15:05:58.240718 2022] [core:notice] [pid 18700:tid 820] AH00094: Command line: 'C:\\Users\\SIMON\\AppData\\Roaming\\Local\\lightning-services\\apache-2.4.43+7\\bin\\win32\\bin\\httpd.exe -d C:/Users/SIMON/AppData/Roaming/Local/lightning-services/apache-2.4.43+7/bin/win32 -D FOREGROUND -f C:\\Users\\SIMON\\AppData\\Roaming\\Local\\run\\vSrqCqPwM\\conf\\apache\\apache2.conf'
[Mon Dec 05 15:05:58.270210 2022] [mpm_winnt:notice] [pid 18700:tid 820] AH00418: Parent: Created child process 35064
AH00558: httpd.exe: Could not reliably determine the server's fully qualified domain name, using fe80::fb91:7468:8173:54ab. Set the 'ServerName' directive globally to suppress this message
AH00558: httpd.exe: Could not reliably determine the server's fully qualified domain name, using fe80::fb91:7468:8173:54ab. Set the 'ServerName' directive globally to suppress this message
[Mon Dec 05 15:06:05.359782 2022] [mpm_winnt:notice] [pid 35064:tid 864] AH00354: Child: Starting 64 worker threads.
AH00558: httpd.exe: Could not reliably determine the server's fully qualified domain name, using fe80::fb91:7468:8173:54ab. Set the 'ServerName' directive globally to suppress this message
[Mon Dec 05 15:24:08.605573 2022] [core:warn] [pid 14488:tid 804] AH00098: pid file C:/Users/SIMON/AppData/Roaming/Local/run/vSrqCqPwM/apache/logs/httpd.pid overwritten -- Unclean shutdown of previous Apache run?
[Mon Dec 05 15:24:08.615567 2022] [mpm_winnt:notice] [pid 14488:tid 804] AH00455: Apache/2.4.43 (Win32) mod_fcgid/2.3.9a configured -- resuming normal operations
[Mon Dec 05 15:24:08.615567 2022] [mpm_winnt:notice] [pid 14488:tid 804] AH00456: Server built: Apr 21 2020 13:46:54
[Mon Dec 05 15:24:08.615567 2022] [core:notice] [pid 14488:tid 804] AH00094: Command line: 'C:\\Users\\SIMON\\AppData\\Roaming\\Local\\lightning-services\\apache-2.4.43+7\\bin\\win32\\bin\\httpd.exe -d C:/Users/SIMON/AppData/Roaming/Local/lightning-services/apache-2.4.43+7/bin/win32 -D FOREGROUND -f C:\\Users\\SIMON\\AppData\\Roaming\\Local\\run\\vSrqCqPwM\\conf\\apache\\apache2.conf'
[Mon Dec 05 15:24:08.629144 2022] [mpm_winnt:notice] [pid 14488:tid 804] AH00418: Parent: Created child process 33460
AH00558: httpd.exe: Could not reliably determine the server's fully qualified domain name, using fe80::fb91:7468:8173:54ab. Set the 'ServerName' directive globally to suppress this message
AH00558: httpd.exe: Could not reliably determine the server's fully qualified domain name, using fe80::fb91:7468:8173:54ab. Set the 'ServerName' directive globally to suppress this message
[Mon Dec 05 15:24:16.072547 2022] [mpm_winnt:notice] [pid 33460:tid 856] AH00354: Child: Starting 64 worker threads.
AH00558: httpd.exe: Could not reliably determine the server's fully qualified domain name, using fe80::fb91:7468:8173:54ab. Set the 'ServerName' directive globally to suppress this message
[Tue Dec 06 12:08:28.788269 2022] [core:warn] [pid 31352:tid 868] AH00098: pid file C:/Users/SIMON/AppData/Roaming/Local/run/vSrqCqPwM/apache/logs/httpd.pid overwritten -- Unclean shutdown of previous Apache run?
[Tue Dec 06 12:08:28.799262 2022] [mpm_winnt:notice] [pid 31352:tid 868] AH00455: Apache/2.4.43 (Win32) mod_fcgid/2.3.9a configured -- resuming normal operations
[Tue Dec 06 12:08:28.799262 2022] [mpm_winnt:notice] [pid 31352:tid 868] AH00456: Server built: Apr 21 2020 13:46:54
[Tue Dec 06 12:08:28.799262 2022] [core:notice] [pid 31352:tid 868] AH00094: Command line: 'C:\\Users\\SIMON\\AppData\\Roaming\\Local\\lightning-services\\apache-2.4.43+7\\bin\\win32\\bin\\httpd.exe -d C:/Users/SIMON/AppData/Roaming/Local/lightning-services/apache-2.4.43+7/bin/win32 -D FOREGROUND -f C:\\Users\\SIMON\\AppData\\Roaming\\Local\\run\\vSrqCqPwM\\conf\\apache\\apache2.conf'
[Tue Dec 06 12:08:28.818848 2022] [mpm_winnt:notice] [pid 31352:tid 868] AH00418: Parent: Created child process 31060
AH00558: httpd.exe: Could not reliably determine the server's fully qualified domain name, using fe80::fb91:7468:8173:54ab. Set the 'ServerName' directive globally to suppress this message
AH00558: httpd.exe: Could not reliably determine the server's fully qualified domain name, using fe80::fb91:7468:8173:54ab. Set the 'ServerName' directive globally to suppress this message
[Tue Dec 06 12:08:36.378729 2022] [mpm_winnt:notice] [pid 31060:tid 852] AH00354: Child: Starting 64 worker threads.
AH00558: httpd.exe: Could not reliably determine the server's fully qualified domain name, using fe80::fb91:7468:8173:54ab. Set the 'ServerName' directive globally to suppress this message
[Wed Dec 07 09:17:48.153514 2022] [core:warn] [pid 27740:tid 532] AH00098: pid file C:/Users/SIMON/AppData/Roaming/Local/run/vSrqCqPwM/apache/logs/httpd.pid overwritten -- Unclean shutdown of previous Apache run?
[Wed Dec 07 09:17:48.163252 2022] [mpm_winnt:notice] [pid 27740:tid 532] AH00455: Apache/2.4.43 (Win32) mod_fcgid/2.3.9a configured -- resuming normal operations
[Wed Dec 07 09:17:48.163252 2022] [mpm_winnt:notice] [pid 27740:tid 532] AH00456: Server built: Apr 21 2020 13:46:54
[Wed Dec 07 09:17:48.163252 2022] [core:notice] [pid 27740:tid 532] AH00094: Command line: 'C:\\Users\\SIMON\\AppData\\Roaming\\Local\\lightning-services\\apache-2.4.43+7\\bin\\win32\\bin\\httpd.exe -d C:/Users/SIMON/AppData/Roaming/Local/lightning-services/apache-2.4.43+7/bin/win32 -D FOREGROUND -f C:\\Users\\SIMON\\AppData\\Roaming\\Local\\run\\vSrqCqPwM\\conf\\apache\\apache2.conf'
[Wed Dec 07 09:17:48.178241 2022] [mpm_winnt:notice] [pid 27740:tid 532] AH00418: Parent: Created child process 3484
AH00558: httpd.exe: Could not reliably determine the server's fully qualified domain name, using fe80::fb91:7468:8173:54ab. Set the 'ServerName' directive globally to suppress this message
AH00558: httpd.exe: Could not reliably determine the server's fully qualified domain name, using fe80::fb91:7468:8173:54ab. Set the 'ServerName' directive globally to suppress this message
[Wed Dec 07 09:17:54.688202 2022] [mpm_winnt:notice] [pid 3484:tid 872] AH00354: Child: Starting 64 worker threads.
AH00558: httpd.exe: Could not reliably determine the server's fully qualified domain name, using fe80::fb91:7468:8173:54ab. Set the 'ServerName' directive globally to suppress this message
[Thu Dec 08 14:14:25.261081 2022] [core:warn] [pid 34012:tid 816] AH00098: pid file C:/Users/SIMON/AppData/Roaming/Local/run/vSrqCqPwM/apache/logs/httpd.pid overwritten -- Unclean shutdown of previous Apache run?
[Thu Dec 08 14:14:25.271846 2022] [mpm_winnt:notice] [pid 34012:tid 816] AH00455: Apache/2.4.43 (Win32) mod_fcgid/2.3.9a configured -- resuming normal operations
[Thu Dec 08 14:14:25.271846 2022] [mpm_winnt:notice] [pid 34012:tid 816] AH00456: Server built: Apr 21 2020 13:46:54
[Thu Dec 08 14:14:25.271846 2022] [core:notice] [pid 34012:tid 816] AH00094: Command line: 'C:\\Users\\SIMON\\AppData\\Roaming\\Local\\lightning-services\\apache-2.4.43+7\\bin\\win32\\bin\\httpd.exe -d C:/Users/SIMON/AppData/Roaming/Local/lightning-services/apache-2.4.43+7/bin/win32 -D FOREGROUND -f C:\\Users\\SIMON\\AppData\\Roaming\\Local\\run\\vSrqCqPwM\\conf\\apache\\apache2.conf'
[Thu Dec 08 14:14:25.288476 2022] [mpm_winnt:notice] [pid 34012:tid 816] AH00418: Parent: Created child process 18172
AH00558: httpd.exe: Could not reliably determine the server's fully qualified domain name, using fe80::fb91:7468:8173:54ab. Set the 'ServerName' directive globally to suppress this message
AH00558: httpd.exe: Could not reliably determine the server's fully qualified domain name, using fe80::fb91:7468:8173:54ab. Set the 'ServerName' directive globally to suppress this message
[Thu Dec 08 14:14:31.754919 2022] [mpm_winnt:notice] [pid 18172:tid 884] AH00354: Child: Starting 64 worker threads.
AH00558: httpd.exe: Could not reliably determine the server's fully qualified domain name, using fe80::fb91:7468:8173:54ab. Set the 'ServerName' directive globally to suppress this message
[Thu Dec 08 16:38:34.883881 2022] [core:warn] [pid 35920:tid 792] AH00098: pid file C:/Users/SIMON/AppData/Roaming/Local/run/vSrqCqPwM/apache/logs/httpd.pid overwritten -- Unclean shutdown of previous Apache run?
[Thu Dec 08 16:38:34.900640 2022] [mpm_winnt:notice] [pid 35920:tid 792] AH00455: Apache/2.4.43 (Win32) mod_fcgid/2.3.9a configured -- resuming normal operations
[Thu Dec 08 16:38:34.900640 2022] [mpm_winnt:notice] [pid 35920:tid 792] AH00456: Server built: Apr 21 2020 13:46:54
[Thu Dec 08 16:38:34.900640 2022] [core:notice] [pid 35920:tid 792] AH00094: Command line: 'C:\\Users\\SIMON\\AppData\\Roaming\\Local\\lightning-services\\apache-2.4.43+7\\bin\\win32\\bin\\httpd.exe -d C:/Users/SIMON/AppData/Roaming/Local/lightning-services/apache-2.4.43+7/bin/win32 -D FOREGROUND -f C:\\Users\\SIMON\\AppData\\Roaming\\Local\\run\\vSrqCqPwM\\conf\\apache\\apache2.conf'
[Thu Dec 08 16:38:34.925626 2022] [mpm_winnt:notice] [pid 35920:tid 792] AH00418: Parent: Created child process 37816
AH00558: httpd.exe: Could not reliably determine the server's fully qualified domain name, using fe80::fb91:7468:8173:54ab. Set the 'ServerName' directive globally to suppress this message
AH00558: httpd.exe: Could not reliably determine the server's fully qualified domain name, using fe80::fb91:7468:8173:54ab. Set the 'ServerName' directive globally to suppress this message
[Thu Dec 08 16:38:50.308405 2022] [mpm_winnt:notice] [pid 37816:tid 868] AH00354: Child: Starting 64 worker threads.
[Thu Dec 08 16:48:17.725485 2022] [mpm_winnt:crit] [pid 37816:tid 868] AH02538: Child: Parent process exited abruptly. Child process is ending
[Thu Dec 08 16:48:17.726484 2022] [mpm_winnt:warn] [pid 37816:tid 1452] (OS 995)스레드 종료 또는 응용 프로그램 요청 때문에 I/O 작업이 취소되었습니다.  : AH00341: winnt_accept: Asynchronous AcceptEx failed.
[Thu Dec 08 16:48:17.728483 2022] [mpm_winnt:error] [pid 37816:tid 1452] (OS 10038)소켓 이외의 개체에 작업을 시도했습니다.  : AH00337: Child: Encountered too many AcceptEx faults accepting client connections. Possible causes: dynamic address renewal, or incompatible VPN or firewall software. 
[Thu Dec 08 16:48:17.728483 2022] [mpm_winnt:notice] [pid 37816:tid 1452] (OS 10038)소켓 이외의 개체에 작업을 시도했습니다.  : AH00338: winnt_mpm: falling back to 'AcceptFilter none'.
[Thu Dec 08 16:48:17.726484 2022] [mpm_winnt:warn] [pid 37816:tid 872] (OS 995)스레드 종료 또는 응용 프로그램 요청 때문에 I/O 작업이 취소되었습니다.  : AH00341: winnt_accept: Asynchronous AcceptEx failed.
[Thu Dec 08 16:48:19.746021 2022] [mpm_winnt:notice] [pid 37816:tid 868] AH00364: Child: All worker threads have exited.
[Thu Dec 08 16:48:28.164211 2022] [fcgid:error] [pid 37816] FastCGI process 35340 still did not exit, terminating forcefully
[Thu Dec 08 16:48:28.164211 2022] [fcgid:error] [pid 37816] FastCGI process 16456 still did not exit, terminating forcefully
AH00558: httpd.exe: Could not reliably determine the server's fully qualified domain name, using fe80::fb91:7468:8173:54ab. Set the 'ServerName' directive globally to suppress this message
[Thu Dec 08 18:08:44.319961 2022] [core:warn] [pid 37748:tid 648] AH00098: pid file C:/Users/SIMON/AppData/Roaming/Local/run/vSrqCqPwM/apache/logs/httpd.pid overwritten -- Unclean shutdown of previous Apache run?
[Thu Dec 08 18:08:44.326936 2022] [mpm_winnt:notice] [pid 37748:tid 648] AH00455: Apache/2.4.43 (Win32) mod_fcgid/2.3.9a configured -- resuming normal operations
[Thu Dec 08 18:08:44.326936 2022] [mpm_winnt:notice] [pid 37748:tid 648] AH00456: Server built: Apr 21 2020 13:46:54
[Thu Dec 08 18:08:44.326936 2022] [core:notice] [pid 37748:tid 648] AH00094: Command line: 'C:\\Users\\SIMON\\AppData\\Roaming\\Local\\lightning-services\\apache-2.4.43+7\\bin\\win32\\bin\\httpd.exe -d C:/Users/SIMON/AppData/Roaming/Local/lightning-services/apache-2.4.43+7/bin/win32 -D FOREGROUND -f C:\\Users\\SIMON\\AppData\\Roaming\\Local\\run\\vSrqCqPwM\\conf\\apache\\apache2.conf'
[Thu Dec 08 18:08:44.341930 2022] [mpm_winnt:notice] [pid 37748:tid 648] AH00418: Parent: Created child process 30840
AH00558: httpd.exe: Could not reliably determine the server's fully qualified domain name, using fe80::fb91:7468:8173:54ab. Set the 'ServerName' directive globally to suppress this message
AH00558: httpd.exe: Could not reliably determine the server's fully qualified domain name, using fe80::fb91:7468:8173:54ab. Set the 'ServerName' directive globally to suppress this message
[Thu Dec 08 18:08:51.067035 2022] [mpm_winnt:notice] [pid 30840:tid 904] AH00354: Child: Starting 64 worker threads.
AH00558: httpd.exe: Could not reliably determine the server's fully qualified domain name, using fe80::fb91:7468:8173:54ab. Set the 'ServerName' directive globally to suppress this message
[Mon Dec 19 19:55:28.665496 2022] [core:warn] [pid 41876:tid 864] AH00098: pid file C:/Users/SIMON/AppData/Roaming/Local/run/vSrqCqPwM/apache/logs/httpd.pid overwritten -- Unclean shutdown of previous Apache run?
[Mon Dec 19 19:55:28.685485 2022] [mpm_winnt:notice] [pid 41876:tid 864] AH00455: Apache/2.4.43 (Win32) mod_fcgid/2.3.9a configured -- resuming normal operations
[Mon Dec 19 19:55:28.685485 2022] [mpm_winnt:notice] [pid 41876:tid 864] AH00456: Server built: Apr 21 2020 13:46:54
[Mon Dec 19 19:55:28.685485 2022] [core:notice] [pid 41876:tid 864] AH00094: Command line: 'C:\\Users\\SIMON\\AppData\\Roaming\\Local\\lightning-services\\apache-2.4.43+7\\bin\\win32\\bin\\httpd.exe -d C:/Users/SIMON/AppData/Roaming/Local/lightning-services/apache-2.4.43+7/bin/win32 -D FOREGROUND -f C:\\Users\\SIMON\\AppData\\Roaming\\Local\\run\\vSrqCqPwM\\conf\\apache\\apache2.conf'
[Mon Dec 19 19:55:28.718864 2022] [mpm_winnt:notice] [pid 41876:tid 864] AH00418: Parent: Created child process 18428
AH00558: httpd.exe: Could not reliably determine the server's fully qualified domain name, using fe80::fb91:7468:8173:54ab. Set the 'ServerName' directive globally to suppress this message
AH00558: httpd.exe: Could not reliably determine the server's fully qualified domain name, using fe80::fb91:7468:8173:54ab. Set the 'ServerName' directive globally to suppress this message
[Mon Dec 19 19:55:42.321959 2022] [mpm_winnt:notice] [pid 18428:tid 888] AH00354: Child: Starting 64 worker threads.
